#
# There is insufficient memory for the Java Runtime Environment to continue.
# Cannot create GC thread. Out of system resources.
# Possible reasons:
#   The system is out of physical RAM or swap space
#   In 32 bit mode, the process size limit was hit
# Possible solutions:
#   Reduce memory load on the system
#   Increase physical memory or swap space
#   Check if swap backing store is full
#   Use 64 bit Java on a 64 bit OS
#   Decrease Java heap size (-Xmx/-Xms)
#   Decrease number of Java threads
#   Decrease Java thread stack sizes (-Xss)
#   Set larger code cache with -XX:ReservedCodeCacheSize=
# This output file may be truncated or incomplete.
#
#  Out of Memory Error (gcTaskThread.cpp:46), pid=26625, tid=139757058459392
#
# JRE version:  (7.0_80-b15) (build )
# Java VM: Java HotSpot(TM) 64-Bit Server VM (24.80-b11 mixed mode linux-amd64 compressed oops)
# Failed to write core dump. Core dumps have been disabled. To enable core dumping, try "ulimit -c unlimited" before starting Java again
#

---------------  T H R E A D  ---------------

Current thread (0x00007f1bb0008800):  JavaThread "Unknown thread" [_thread_in_vm, id=26853, stack(0x00007f1bb9c30000,0x00007f1bb9d31000)]

Stack: [0x00007f1bb9c30000,0x00007f1bb9d31000],  sp=0x00007f1bb9d2f5e0,  free space=1021k
Native frames: (J=compiled Java code, j=interpreted, Vv=VM code, C=native code)
V  [libjvm.so+0x9a320a]  VMError::report_and_die()+0x2ea
V  [libjvm.so+0x498d3b]  report_vm_out_of_memory(char const*, int, unsigned long, char const*)+0x9b
V  [libjvm.so+0x55943a]  GCTaskThread::GCTaskThread(GCTaskManager*, unsigned int, unsigned int)+0x11a
V  [libjvm.so+0x5589b8]  GCTaskManager::initialize()+0x2b8
V  [libjvm.so+0x843438]  ParallelScavengeHeap::initialize()+0x6f8
V  [libjvm.so+0x97509a]  Universe::initialize_heap()+0xca
V  [libjvm.so+0x976269]  universe_init()+0x79
V  [libjvm.so+0x5b2f25]  init_globals()+0x65
V  [libjvm.so+0x95db4d]  Threads::create_vm(JavaVMInitArgs*, bool*)+0x1ed
V  [libjvm.so+0x63b2e4]  JNI_CreateJavaVM+0x74
C  [libjli.so+0x2f8e]  JavaMain+0x9e


---------------  P R O C E S S  ---------------

Java Threads: ( => current thread )

Other Threads:

=>0x00007f1bb0008800 (exited) JavaThread "Unknown thread" [_thread_in_vm, id=26853, stack(0x00007f1bb9c30000,0x00007f1bb9d31000)]

VM state:not at safepoint (not fully initialized)

VM Mutex/Monitor currently owned by a thread: None

GC Heap History (0 events):
No events

Deoptimization events (0 events):
No events

Internal exceptions (0 events):
No events

Events (0 events):
No events


Dynamic libraries:
00400000-00401000 r-xp 00000000 08:04 21498012                           /home/dcandrade/jdk1.7.0_80/jre/bin/java
00600000-00601000 rw-p 00000000 08:04 21498012                           /home/dcandrade/jdk1.7.0_80/jre/bin/java
00cfb000-00d1c000 rw-p 00000000 00:00 0                                  [heap]
9f200000-a0700000 rw-p 00000000 00:00 0 
a0700000-a4400000 rw-p 00000000 00:00 0 
a4400000-a8100000 rw-p 00000000 00:00 0 
a8100000-e1680000 rw-p 00000000 00:00 0 
e1680000-e3580000 rw-p 00000000 00:00 0 
e3580000-100000000 rw-p 00000000 00:00 0 
7f1bafbb5000-7f1bafdfe000 rw-p 00000000 00:00 0 
7f1bafdfe000-7f1bafdff000 ---p 00000000 00:00 0 
7f1bafdff000-7f1bafeff000 rw-p 00000000 00:00 0 
7f1bafeff000-7f1baff00000 ---p 00000000 00:00 0 
7f1baff00000-7f1bb0000000 rw-p 00000000 00:00 0                          [stack:26893]
7f1bb0000000-7f1bb002b000 rw-p 00000000 00:00 0 
7f1bb002b000-7f1bb4000000 ---p 00000000 00:00 0 
7f1bb4036000-7f1bb4041000 rw-p 00000000 00:00 0 
7f1bb4041000-7f1bb405f000 rw-p 00000000 00:00 0 
7f1bb405f000-7f1bb407e000 rw-p 00000000 00:00 0 
7f1bb407e000-7f1bb4249000 rw-p 00000000 00:00 0 
7f1bb4249000-7f1bb4254000 rw-p 00000000 00:00 0 
7f1bb4254000-7f1bb4272000 rw-p 00000000 00:00 0 
7f1bb4272000-7f1bb4291000 rw-p 00000000 00:00 0 
7f1bb4291000-7f1bb445b000 rw-p 00000000 00:00 0 
7f1bb445b000-7f1bb446b000 rw-p 00000000 00:00 0 
7f1bb446b000-7f1bb4550000 rw-p 00000000 00:00 0 
7f1bb4550000-7f1bb4551000 rw-p 00000000 00:00 0 
7f1bb4551000-7f1bb47c1000 rwxp 00000000 00:00 0 
7f1bb47c1000-7f1bb7551000 rw-p 00000000 00:00 0 
7f1bb7551000-7f1bb7568000 r-xp 00000000 08:04 21497789                   /home/dcandrade/jdk1.7.0_80/jre/lib/amd64/libzip.so
7f1bb7568000-7f1bb7768000 ---p 00017000 08:04 21497789                   /home/dcandrade/jdk1.7.0_80/jre/lib/amd64/libzip.so
7f1bb7768000-7f1bb7769000 rw-p 00017000 08:04 21497789                   /home/dcandrade/jdk1.7.0_80/jre/lib/amd64/libzip.so
7f1bb7769000-7f1bb7774000 r-xp 00000000 08:01 2756547                    /usr/lib64/libnss_files-2.22.so
7f1bb7774000-7f1bb7973000 ---p 0000b000 08:01 2756547                    /usr/lib64/libnss_files-2.22.so
7f1bb7973000-7f1bb7974000 r--p 0000a000 08:01 2756547                    /usr/lib64/libnss_files-2.22.so
7f1bb7974000-7f1bb7975000 rw-p 0000b000 08:01 2756547                    /usr/lib64/libnss_files-2.22.so
7f1bb7975000-7f1bb797b000 rw-p 00000000 00:00 0 
7f1bb797b000-7f1bb79a4000 r-xp 00000000 08:04 21497726                   /home/dcandrade/jdk1.7.0_80/jre/lib/amd64/libjava.so
7f1bb79a4000-7f1bb7ba4000 ---p 00029000 08:04 21497726                   /home/dcandrade/jdk1.7.0_80/jre/lib/amd64/libjava.so
7f1bb7ba4000-7f1bb7ba6000 rw-p 00029000 08:04 21497726                   /home/dcandrade/jdk1.7.0_80/jre/lib/amd64/libjava.so
7f1bb7ba6000-7f1bb7bb3000 r-xp 00000000 08:04 21497606                   /home/dcandrade/jdk1.7.0_80/jre/lib/amd64/libverify.so
7f1bb7bb3000-7f1bb7db2000 ---p 0000d000 08:04 21497606                   /home/dcandrade/jdk1.7.0_80/jre/lib/amd64/libverify.so
7f1bb7db2000-7f1bb7db4000 rw-p 0000c000 08:04 21497606                   /home/dcandrade/jdk1.7.0_80/jre/lib/amd64/libverify.so
7f1bb7db4000-7f1bb7dbb000 r-xp 00000000 08:01 2756559                    /usr/lib64/librt-2.22.so
7f1bb7dbb000-7f1bb7fba000 ---p 00007000 08:01 2756559                    /usr/lib64/librt-2.22.so
7f1bb7fba000-7f1bb7fbb000 r--p 00006000 08:01 2756559                    /usr/lib64/librt-2.22.so
7f1bb7fbb000-7f1bb7fbc000 rw-p 00007000 08:01 2756559                    /usr/lib64/librt-2.22.so
7f1bb7fbc000-7f1bb80bd000 r-xp 00000000 08:01 2756535                    /usr/lib64/libm-2.22.so
7f1bb80bd000-7f1bb82bc000 ---p 00101000 08:01 2756535                    /usr/lib64/libm-2.22.so
7f1bb82bc000-7f1bb82bd000 r--p 00100000 08:01 2756535                    /usr/lib64/libm-2.22.so
7f1bb82bd000-7f1bb82be000 rw-p 00101000 08:01 2756535                    /usr/lib64/libm-2.22.so
7f1bb82be000-7f1bb8e34000 r-xp 00000000 08:04 21497381                   /home/dcandrade/jdk1.7.0_80/jre/lib/amd64/server/libjvm.so
7f1bb8e34000-7f1bb9033000 ---p 00b76000 08:04 21497381                   /home/dcandrade/jdk1.7.0_80/jre/lib/amd64/server/libjvm.so
7f1bb9033000-7f1bb90f7000 rw-p 00b75000 08:04 21497381                   /home/dcandrade/jdk1.7.0_80/jre/lib/amd64/server/libjvm.so
7f1bb90f7000-7f1bb9138000 rw-p 00000000 00:00 0 
7f1bb9138000-7f1bb92ef000 r-xp 00000000 08:01 2756527                    /usr/lib64/libc-2.22.so
7f1bb92ef000-7f1bb94ef000 ---p 001b7000 08:01 2756527                    /usr/lib64/libc-2.22.so
7f1bb94ef000-7f1bb94f3000 r--p 001b7000 08:01 2756527                    /usr/lib64/libc-2.22.so
7f1bb94f3000-7f1bb94f5000 rw-p 001bb000 08:01 2756527                    /usr/lib64/libc-2.22.so
7f1bb94f5000-7f1bb94f9000 rw-p 00000000 00:00 0 
7f1bb94f9000-7f1bb94fc000 r-xp 00000000 08:01 2756533                    /usr/lib64/libdl-2.22.so
7f1bb94fc000-7f1bb96fb000 ---p 00003000 08:01 2756533                    /usr/lib64/libdl-2.22.so
7f1bb96fb000-7f1bb96fc000 r--p 00002000 08:01 2756533                    /usr/lib64/libdl-2.22.so
7f1bb96fc000-7f1bb96fd000 rw-p 00003000 08:01 2756533                    /usr/lib64/libdl-2.22.so
7f1bb96fd000-7f1bb9712000 r-xp 00000000 08:04 21497536                   /home/dcandrade/jdk1.7.0_80/jre/lib/amd64/jli/libjli.so
7f1bb9712000-7f1bb9911000 ---p 00015000 08:04 21497536                   /home/dcandrade/jdk1.7.0_80/jre/lib/amd64/jli/libjli.so
7f1bb9911000-7f1bb9912000 rw-p 00014000 08:04 21497536                   /home/dcandrade/jdk1.7.0_80/jre/lib/amd64/jli/libjli.so
7f1bb9912000-7f1bb992a000 r-xp 00000000 08:01 2756555                    /usr/lib64/libpthread-2.22.so
7f1bb992a000-7f1bb9b29000 ---p 00018000 08:01 2756555                    /usr/lib64/libpthread-2.22.so
7f1bb9b29000-7f1bb9b2a000 r--p 00017000 08:01 2756555                    /usr/lib64/libpthread-2.22.so
7f1bb9b2a000-7f1bb9b2b000 rw-p 00018000 08:01 2756555                    /usr/lib64/libpthread-2.22.so
7f1bb9b2b000-7f1bb9b2f000 rw-p 00000000 00:00 0 
7f1bb9b2f000-7f1bb9b50000 r-xp 00000000 08:01 2756519                    /usr/lib64/ld-2.22.so
7f1bb9b70000-7f1bb9b7a000 rw-p 00000000 00:00 0 
7f1bb9b7a000-7f1bb9c30000 rw-p 00000000 00:00 0 
7f1bb9c30000-7f1bb9c33000 ---p 00000000 00:00 0 
7f1bb9c33000-7f1bb9d35000 rw-p 00000000 00:00 0                          [stack:26853]
7f1bb9d42000-7f1bb9d44000 rw-p 00000000 00:00 0 
7f1bb9d44000-7f1bb9d4c000 rw-s 00000000 00:24 1858906                    /tmp/hsperfdata_dcandrade/26625
7f1bb9d4c000-7f1bb9d4d000 rw-p 00000000 00:00 0 
7f1bb9d4d000-7f1bb9d4e000 r--p 00000000 00:00 0 
7f1bb9d4e000-7f1bb9d4f000 rw-p 00000000 00:00 0 
7f1bb9d4f000-7f1bb9d50000 r--p 00020000 08:01 2756519                    /usr/lib64/ld-2.22.so
7f1bb9d50000-7f1bb9d51000 rw-p 00021000 08:01 2756519                    /usr/lib64/ld-2.22.so
7f1bb9d51000-7f1bb9d52000 rw-p 00000000 00:00 0 
7ffd6ff56000-7ffd6ff77000 rw-p 00000000 00:00 0                          [stack]
7ffd6fffb000-7ffd6fffd000 r--p 00000000 00:00 0                          [vvar]
7ffd6fffd000-7ffd6ffff000 r-xp 00000000 00:00 0                          [vdso]
ffffffffff600000-ffffffffff601000 r-xp 00000000 00:00 0                  [vsyscall]

VM Arguments:
jvm_args: -Dfile.encoding=UTF-8 
java_command: util.communication.TestSender
Launcher Type: SUN_STANDARD

Environment Variables:
PATH=/usr/lib64/qt-3.3/bin:/usr/local/bin:/usr/local/sbin:/usr/bin:/usr/sbin:/home/dcandrade/.local/bin:/home/dcandrade/bin
USERNAME=dcandrade
LD_LIBRARY_PATH=/home/dcandrade/jdk1.7.0_80/jre/lib/amd64:/home/dcandrade/jdk1.7.0_80/jre/lib/i386:
SHELL=/bin/bash
DISPLAY=:0

Signal Handlers:
SIGSEGV: [libjvm.so+0x9a3b20], sa_mask[0]=0x7ffbfeff, sa_flags=0x10000004
SIGBUS: [libjvm.so+0x9a3b20], sa_mask[0]=0x7ffbfeff, sa_flags=0x10000004
SIGFPE: [libjvm.so+0x81e740], sa_mask[0]=0x7ffbfeff, sa_flags=0x10000004
SIGPIPE: [libjvm.so+0x81e740], sa_mask[0]=0x7ffbfeff, sa_flags=0x10000004
SIGXFSZ: [libjvm.so+0x81e740], sa_mask[0]=0x7ffbfeff, sa_flags=0x10000004
SIGILL: [libjvm.so+0x81e740], sa_mask[0]=0x7ffbfeff, sa_flags=0x10000004
SIGUSR1: SIG_DFL, sa_mask[0]=0x00000000, sa_flags=0x00000000
SIGUSR2: [libjvm.so+0x81ffb0], sa_mask[0]=0x00000004, sa_flags=0x10000004
SIGHUP: SIG_DFL, sa_mask[0]=0x00000000, sa_flags=0x00000000
SIGINT: SIG_IGN, sa_mask[0]=0x00000000, sa_flags=0x00000000
SIGTERM: SIG_DFL, sa_mask[0]=0x00000000, sa_flags=0x00000000
SIGQUIT: SIG_DFL, sa_mask[0]=0x00000000, sa_flags=0x00000000


---------------  S Y S T E M  ---------------

OS:Fedora release 23 (Twenty Three)

uname:Linux 4.2.3-300.fc23.x86_64 #1 SMP Mon Oct 5 15:42:54 UTC 2015 x86_64
libc:glibc 2.22 NPTL 2.22 
rlimit: STACK 8192k, CORE 0k, NPROC 23387, NOFILE 4096, AS infinity
load average:9.43 9.14 9.14

/proc/meminfo:
MemTotal:        6011752 kB
MemFree:           51904 kB
MemAvailable:     462748 kB
Buffers:            3992 kB
Cached:           688300 kB
SwapCached:       170684 kB
Active:          3818880 kB
Inactive:        1184324 kB
Active(anon):    3606216 kB
Inactive(anon):  1027040 kB
Active(file):     212664 kB
Inactive(file):   157284 kB
Unevictable:         208 kB
Mlocked:             208 kB
SwapTotal:      12238844 kB
SwapFree:        8050296 kB
Dirty:                28 kB
Writeback:          5284 kB
AnonPages:       4266192 kB
Mapped:           325524 kB
Shmem:            323024 kB
Slab:             354416 kB
SReclaimable:      77316 kB
SUnreclaim:       277100 kB
KernelStack:      379568 kB
PageTables:       131092 kB
NFS_Unstable:          0 kB
Bounce:                0 kB
WritebackTmp:          0 kB
CommitLimit:    15244720 kB
Committed_AS:   42127820 kB
VmallocTotal:   34359738367 kB
VmallocUsed:      579764 kB
VmallocChunk:   34358423548 kB
HardwareCorrupted:     0 kB
AnonHugePages:         0 kB
HugePages_Total:       0
HugePages_Free:        0
HugePages_Rsvd:        0
HugePages_Surp:        0
Hugepagesize:       2048 kB
DirectMap4k:      375548 kB
DirectMap2M:     5816320 kB


CPU:total 4 (2 cores per cpu, 2 threads per core) family 6 model 58 stepping 9, cmov, cx8, fxsr, mmx, sse, sse2, sse3, ssse3, sse4.1, sse4.2, popcnt, avx, aes, erms, ht, tsc, tscinvbit, tscinv

/proc/cpuinfo:
processor	: 0
vendor_id	: GenuineIntel
cpu family	: 6
model		: 58
model name	: Intel(R) Core(TM) i5-3210M CPU @ 2.50GHz
stepping	: 9
microcode	: 0x1b
cpu MHz		: 2862.890
cache size	: 3072 KB
physical id	: 0
siblings	: 4
core id		: 0
cpu cores	: 2
apicid		: 0
initial apicid	: 0
fpu		: yes
fpu_exception	: yes
cpuid level	: 13
wp		: yes
flags		: fpu vme de pse tsc msr pae mce cx8 apic sep mtrr pge mca cmov pat pse36 clflush dts acpi mmx fxsr sse sse2 ss ht tm pbe syscall nx rdtscp lm constant_tsc arch_perfmon pebs bts rep_good nopl xtopology nonstop_tsc aperfmperf eagerfpu pni pclmulqdq dtes64 monitor ds_cpl vmx est tm2 ssse3 cx16 xtpr pdcm pcid sse4_1 sse4_2 x2apic popcnt tsc_deadline_timer aes xsave avx f16c rdrand lahf_lm ida arat epb pln pts dtherm tpr_shadow vnmi flexpriority ept vpid fsgsbase smep erms xsaveopt
bugs		:
bogomips	: 4988.37
clflush size	: 64
cache_alignment	: 64
address sizes	: 36 bits physical, 48 bits virtual
power management:

processor	: 1
vendor_id	: GenuineIntel
cpu family	: 6
model		: 58
model name	: Intel(R) Core(TM) i5-3210M CPU @ 2.50GHz
stepping	: 9
microcode	: 0x1b
cpu MHz		: 2853.613
cache size	: 3072 KB
physical id	: 0
siblings	: 4
core id		: 0
cpu cores	: 2
apicid		: 1
initial apicid	: 1
fpu		: yes
fpu_exception	: yes
cpuid level	: 13
wp		: yes
flags		: fpu vme de pse tsc msr pae mce cx8 apic sep mtrr pge mca cmov pat pse36 clflush dts acpi mmx fxsr sse sse2 ss ht tm pbe syscall nx rdtscp lm constant_tsc arch_perfmon pebs bts rep_good nopl xtopology nonstop_tsc aperfmperf eagerfpu pni pclmulqdq dtes64 monitor ds_cpl vmx est tm2 ssse3 cx16 xtpr pdcm pcid sse4_1 sse4_2 x2apic popcnt tsc_deadline_timer aes xsave avx f16c rdrand lahf_lm ida arat epb pln pts dtherm tpr_shadow vnmi flexpriority ept vpid fsgsbase smep erms xsaveopt
bugs		:
bogomips	: 4988.37
clflush size	: 64
cache_alignment	: 64
address sizes	: 36 bits physical, 48 bits virtual
power management:

processor	: 2
vendor_id	: GenuineIntel
cpu family	: 6
model		: 58
model name	: Intel(R) Core(TM) i5-3210M CPU @ 2.50GHz
stepping	: 9
microcode	: 0x1b
cpu MHz		: 2889.453
cache size	: 3072 KB
physical id	: 0
siblings	: 4
core id		: 1
cpu cores	: 2
apicid		: 2
initial apicid	: 2
fpu		: yes
fpu_exception	: yes
cpuid level	: 13
wp		: yes
flags		: fpu vme de pse tsc msr pae mce cx8 apic sep mtrr pge mca cmov pat pse36 clflush dts acpi mmx fxsr sse sse2 ss ht tm pbe syscall nx rdtscp lm constant_tsc arch_perfmon pebs bts rep_good nopl xtopology nonstop_tsc aperfmperf eagerfpu pni pclmulqdq dtes64 monitor ds_cpl vmx est tm2 ssse3 cx16 xtpr pdcm pcid sse4_1 sse4_2 x2apic popcnt tsc_deadline_timer aes xsave avx f16c rdrand lahf_lm ida arat epb pln pts dtherm tpr_shadow vnmi flexpriority ept vpid fsgsbase smep erms xsaveopt
bugs		:
bogomips	: 4988.37
clflush size	: 64
cache_alignment	: 64
address sizes	: 36 bits physical, 48 bits virtual
power management:

processor	: 3
vendor_id	: GenuineIntel
cpu family	: 6
model		: 58
model name	: Intel(R) Core(TM) i5-3210M CPU @ 2.50GHz
stepping	: 9
microcode	: 0x1b
cpu MHz		: 2850.585
cache size	: 3072 KB
physical id	: 0
siblings	: 4
core id		: 1
cpu cores	: 2
apicid		: 3
initial apicid	: 3
fpu		: yes
fpu_exception	: yes
cpuid level	: 13
wp		: yes
flags		: fpu vme de pse tsc msr pae mce cx8 apic sep mtrr pge mca cmov pat pse36 clflush dts acpi mmx fxsr sse sse2 ss ht tm pbe syscall nx rdtscp lm constant_tsc arch_perfmon pebs bts rep_good nopl xtopology nonstop_tsc aperfmperf eagerfpu pni pclmulqdq dtes64 monitor ds_cpl vmx est tm2 ssse3 cx16 xtpr pdcm pcid sse4_1 sse4_2 x2apic popcnt tsc_deadline_timer aes xsave avx f16c rdrand lahf_lm ida arat epb pln pts dtherm tpr_shadow vnmi flexpriority ept vpid fsgsbase smep erms xsaveopt
bugs		:
bogomips	: 4988.37
clflush size	: 64
cache_alignment	: 64
address sizes	: 36 bits physical, 48 bits virtual
power management:



Memory: 4k page, physical 6011752k(51904k free), swap 12238844k(8050296k free)

vm_info: Java HotSpot(TM) 64-Bit Server VM (24.80-b11) for linux-amd64 JRE (1.7.0_80-b15), built on Apr 10 2015 19:53:14 by "java_re" with gcc 4.3.0 20080428 (Red Hat 4.3.0-8)

time: Sun Mar 20 14:23:57 2016
elapsed time: 0 seconds

